<?xml version="1.0" encoding="UTF-8"?>
<testng-results ignored="0" total="1" passed="1" failed="0" skipped="0">
  <reporter-output>
  </reporter-output>
  <suite started-at="2022-07-20T23:25:58 IST" name="Suite" finished-at="2022-07-20T23:27:35 IST" duration-ms="97144">
    <groups>
    </groups>
    <test started-at="2022-07-20T23:25:58 IST" name="Test" finished-at="2022-07-20T23:27:35 IST" duration-ms="97144">
      <class name="com.login.testscenarios.LoginTest">
        <test-method is-config="true" signature="setUp()[pri:0, instance:com.login.testscenarios.LoginTest@35cabb2a]" started-at="2022-07-20T23:25:58 IST" name="setUp" finished-at="2022-07-20T23:27:10 IST" duration-ms="71584" status="PASS">
          <reporter-output>
          </reporter-output>
        </test-method> <!-- setUp -->
        <test-method signature="loginTest()[pri:0, instance:com.login.testscenarios.LoginTest@35cabb2a]" started-at="2022-07-20T23:27:10 IST" name="loginTest" finished-at="2022-07-20T23:27:25 IST" duration-ms="14808" status="PASS">
          <reporter-output>
          </reporter-output>
        </test-method> <!-- loginTest -->
        <test-method is-config="true" signature="tearDown()[pri:0, instance:com.login.testscenarios.LoginTest@35cabb2a]" started-at="2022-07-20T23:27:25 IST" name="tearDown" finished-at="2022-07-20T23:27:35 IST" duration-ms="10646" status="PASS">
          <reporter-output>
          </reporter-output>
        </test-method> <!-- tearDown -->
      </class> <!-- com.login.testscenarios.LoginTest -->
    </test> <!-- Test -->
  </suite> <!-- Suite -->
</testng-results>
